<?xml version="1.0" encoding="UTF-8"?>
<!-- Generated by org.testng.reporters.JUnitReportReporter -->
<testsuite hostname="Svetlana" name="com.example.tests.GroupModificationTests" tests="1" failures="0" timestamp="30 Apr 2015 20:51:42 GMT" time="1.720" errors="0">
  <testcase name="modifySomeGroup" time="1.720" classname="com.example.tests.GroupModificationTests"/>
</testsuite> <!-- com.example.tests.GroupModificationTests -->
